2024-09-11T01:50:32.103Z info: Server is running on port 5000
2024-09-11T01:50:32.150Z info: Connected to MySQL and synchronized models
2024-09-11T01:50:45.474Z info: HTTP POST /api/login
2024-09-11T01:50:45.509Z info: HTTP GET /api/logs
2024-09-11T01:50:45.509Z info: Fetched logs for userId 2: [{"id":21,"expression":"9*6","is_valid":true,"output":54,"created_on":"2024-09-11T00:33:08.000Z","userId":2,"createdAt":"2024-09-11T00:33:08.000Z","updatedAt":"2024-09-11T00:33:08.000Z"}]
2024-09-11T01:50:45.511Z info: HTTP GET /api/profile
2024-09-11T01:50:45.525Z info: HTTP GET /api/logs
2024-09-11T01:50:45.525Z info: Fetched logs for userId 2: [{"id":21,"expression":"9*6","is_valid":true,"output":54,"created_on":"2024-09-11T00:33:08.000Z","userId":2,"createdAt":"2024-09-11T00:33:08.000Z","updatedAt":"2024-09-11T00:33:08.000Z"}]
2024-09-11T01:50:48.685Z info: HTTP GET /api/profile
2024-09-11T01:50:59.179Z info: HTTP POST /api/login
2024-09-11T01:50:59.206Z info: HTTP GET /api/logs
2024-09-11T01:50:59.206Z info: Fetched logs for userId 1: [{"id":22,"expression":"98*9","is_valid":true,"output":882,"created_on":"2024-09-11T00:56:40.000Z","userId":1,"createdAt":"2024-09-11T00:56:40.000Z","updatedAt":"2024-09-11T00:56:40.000Z"},{"id":20,"expression":"9*5","is_valid":true,"output":45,"created_on":"2024-09-11T00:25:44.000Z","userId":1,"createdAt":"2024-09-11T00:25:44.000Z","updatedAt":"2024-09-11T00:25:44.000Z"},{"id":19,"expression":"9*6","is_valid":true,"output":54,"created_on":"2024-09-10T22:37:41.000Z","userId":1,"createdAt":"2024-09-10T22:37:41.000Z","updatedAt":"2024-09-10T22:37:41.000Z"},{"id":17,"expression":"9*6","is_valid":true,"output":54,"created_on":"2024-09-10T19:49:24.000Z","userId":1,"createdAt":"2024-09-10T19:49:24.000Z","updatedAt":"2024-09-10T19:49:24.000Z"}]
2024-09-11T01:50:59.208Z info: HTTP GET /api/profile
2024-09-11T01:50:59.221Z info: HTTP GET /api/logs
2024-09-11T01:50:59.221Z info: Fetched logs for userId 1: [{"id":22,"expression":"98*9","is_valid":true,"output":882,"created_on":"2024-09-11T00:56:40.000Z","userId":1,"createdAt":"2024-09-11T00:56:40.000Z","updatedAt":"2024-09-11T00:56:40.000Z"},{"id":20,"expression":"9*5","is_valid":true,"output":45,"created_on":"2024-09-11T00:25:44.000Z","userId":1,"createdAt":"2024-09-11T00:25:44.000Z","updatedAt":"2024-09-11T00:25:44.000Z"},{"id":19,"expression":"9*6","is_valid":true,"output":54,"created_on":"2024-09-10T22:37:41.000Z","userId":1,"createdAt":"2024-09-10T22:37:41.000Z","updatedAt":"2024-09-10T22:37:41.000Z"},{"id":17,"expression":"9*6","is_valid":true,"output":54,"created_on":"2024-09-10T19:49:24.000Z","userId":1,"createdAt":"2024-09-10T19:49:24.000Z","updatedAt":"2024-09-10T19:49:24.000Z"}]
2024-09-11T01:51:32.574Z info: HTTP POST /api/login
2024-09-11T01:51:32.605Z info: HTTP GET /api/logs
2024-09-11T01:51:32.606Z info: Fetched logs for userId 2: [{"id":21,"expression":"9*6","is_valid":true,"output":54,"created_on":"2024-09-11T00:33:08.000Z","userId":2,"createdAt":"2024-09-11T00:33:08.000Z","updatedAt":"2024-09-11T00:33:08.000Z"}]
2024-09-11T01:51:32.609Z info: HTTP GET /api/profile
2024-09-11T01:51:32.621Z info: HTTP GET /api/logs
2024-09-11T01:51:32.622Z info: Fetched logs for userId 2: [{"id":21,"expression":"9*6","is_valid":true,"output":54,"created_on":"2024-09-11T00:33:08.000Z","userId":2,"createdAt":"2024-09-11T00:33:08.000Z","updatedAt":"2024-09-11T00:33:08.000Z"}]
2024-09-11T01:51:38.263Z info: HTTP GET /api/profile
2024-09-11T01:53:44.330Z info: HTTP POST /api/login
2024-09-11T01:53:44.354Z info: HTTP GET /api/logs
2024-09-11T01:53:44.354Z info: Fetched logs for userId 2: [{"id":21,"expression":"9*6","is_valid":true,"output":54,"created_on":"2024-09-11T00:33:08.000Z","userId":2,"createdAt":"2024-09-11T00:33:08.000Z","updatedAt":"2024-09-11T00:33:08.000Z"}]
2024-09-11T01:53:44.358Z info: HTTP GET /api/profile
2024-09-11T01:53:44.370Z info: HTTP GET /api/logs
2024-09-11T01:53:44.370Z info: Fetched logs for userId 2: [{"id":21,"expression":"9*6","is_valid":true,"output":54,"created_on":"2024-09-11T00:33:08.000Z","userId":2,"createdAt":"2024-09-11T00:33:08.000Z","updatedAt":"2024-09-11T00:33:08.000Z"}]
2024-09-11T01:53:46.708Z info: HTTP GET /api/profile
2024-09-11T01:54:04.109Z info: HTTP POST /api/login
2024-09-11T01:54:04.132Z info: HTTP GET /api/logs
2024-09-11T01:54:04.132Z info: Fetched logs for userId 1: [{"id":22,"expression":"98*9","is_valid":true,"output":882,"created_on":"2024-09-11T00:56:40.000Z","userId":1,"createdAt":"2024-09-11T00:56:40.000Z","updatedAt":"2024-09-11T00:56:40.000Z"},{"id":20,"expression":"9*5","is_valid":true,"output":45,"created_on":"2024-09-11T00:25:44.000Z","userId":1,"createdAt":"2024-09-11T00:25:44.000Z","updatedAt":"2024-09-11T00:25:44.000Z"},{"id":19,"expression":"9*6","is_valid":true,"output":54,"created_on":"2024-09-10T22:37:41.000Z","userId":1,"createdAt":"2024-09-10T22:37:41.000Z","updatedAt":"2024-09-10T22:37:41.000Z"},{"id":17,"expression":"9*6","is_valid":true,"output":54,"created_on":"2024-09-10T19:49:24.000Z","userId":1,"createdAt":"2024-09-10T19:49:24.000Z","updatedAt":"2024-09-10T19:49:24.000Z"}]
2024-09-11T01:54:04.134Z info: HTTP GET /api/profile
2024-09-11T01:54:04.147Z info: HTTP GET /api/logs
2024-09-11T01:54:04.147Z info: Fetched logs for userId 1: [{"id":22,"expression":"98*9","is_valid":true,"output":882,"created_on":"2024-09-11T00:56:40.000Z","userId":1,"createdAt":"2024-09-11T00:56:40.000Z","updatedAt":"2024-09-11T00:56:40.000Z"},{"id":20,"expression":"9*5","is_valid":true,"output":45,"created_on":"2024-09-11T00:25:44.000Z","userId":1,"createdAt":"2024-09-11T00:25:44.000Z","updatedAt":"2024-09-11T00:25:44.000Z"},{"id":19,"expression":"9*6","is_valid":true,"output":54,"created_on":"2024-09-10T22:37:41.000Z","userId":1,"createdAt":"2024-09-10T22:37:41.000Z","updatedAt":"2024-09-10T22:37:41.000Z"},{"id":17,"expression":"9*6","is_valid":true,"output":54,"created_on":"2024-09-10T19:49:24.000Z","userId":1,"createdAt":"2024-09-10T19:49:24.000Z","updatedAt":"2024-09-10T19:49:24.000Z"}]
2024-09-11T01:54:05.379Z info: HTTP GET /api/profile
2024-09-11T01:54:25.481Z info: HTTP GET /api/logs
2024-09-11T01:54:25.481Z info: Fetched logs for userId 1: [{"id":22,"expression":"98*9","is_valid":true,"output":882,"created_on":"2024-09-11T00:56:40.000Z","userId":1,"createdAt":"2024-09-11T00:56:40.000Z","updatedAt":"2024-09-11T00:56:40.000Z"},{"id":20,"expression":"9*5","is_valid":true,"output":45,"created_on":"2024-09-11T00:25:44.000Z","userId":1,"createdAt":"2024-09-11T00:25:44.000Z","updatedAt":"2024-09-11T00:25:44.000Z"},{"id":19,"expression":"9*6","is_valid":true,"output":54,"created_on":"2024-09-10T22:37:41.000Z","userId":1,"createdAt":"2024-09-10T22:37:41.000Z","updatedAt":"2024-09-10T22:37:41.000Z"},{"id":17,"expression":"9*6","is_valid":true,"output":54,"created_on":"2024-09-10T19:49:24.000Z","userId":1,"createdAt":"2024-09-10T19:49:24.000Z","updatedAt":"2024-09-10T19:49:24.000Z"}]
2024-09-11T01:54:25.483Z info: HTTP GET /api/profile
2024-09-11T01:54:25.498Z info: HTTP GET /api/logs
2024-09-11T01:54:25.499Z info: Fetched logs for userId 1: [{"id":22,"expression":"98*9","is_valid":true,"output":882,"created_on":"2024-09-11T00:56:40.000Z","userId":1,"createdAt":"2024-09-11T00:56:40.000Z","updatedAt":"2024-09-11T00:56:40.000Z"},{"id":20,"expression":"9*5","is_valid":true,"output":45,"created_on":"2024-09-11T00:25:44.000Z","userId":1,"createdAt":"2024-09-11T00:25:44.000Z","updatedAt":"2024-09-11T00:25:44.000Z"},{"id":19,"expression":"9*6","is_valid":true,"output":54,"created_on":"2024-09-10T22:37:41.000Z","userId":1,"createdAt":"2024-09-10T22:37:41.000Z","updatedAt":"2024-09-10T22:37:41.000Z"},{"id":17,"expression":"9*6","is_valid":true,"output":54,"created_on":"2024-09-10T19:49:24.000Z","userId":1,"createdAt":"2024-09-10T19:49:24.000Z","updatedAt":"2024-09-10T19:49:24.000Z"}]
